INFO (15/10/2025 07:28:38 PM): Making GET request to: https://api.meraki.com/api/v1/organizations with params: None (Line: 77 [meraki_manager.py])
INFO (15/10/2025 07:29:05 PM): Making GET request to: https://api.meraki.com/api/v1/organizations with params: None (Line: 77 [meraki_manager.py])
INFO (15/10/2025 07:29:33 PM): Making GET request to: https://api.meraki.com/api/v1/organizations with params: None (Line: 77 [meraki_manager.py])
INFO (15/10/2025 08:14:18 PM): Making GET request to: https://api.meraki.com/api/v1/organizations with params: None (Line: 77 [meraki_manager.py])
INFO (15/10/2025 08:15:32 PM): Making GET request to: https://api.meraki.com/api/v1/organizations with params: None (Line: 77 [meraki_manager.py])
INFO (15/10/2025 08:16:42 PM): Making GET request to: https://api.meraki.com/api/v1/organizations with params: None (Line: 77 [meraki_manager.py])
INFO (15/10/2025 08:18:09 PM): Making GET request to: https://api.meraki.com/api/v1/organizations with params: None (Line: 77 [meraki_manager.py])
INFO (15/10/2025 08:22:33 PM): Making GET request to: https://api.meraki.com/api/v1/organizations with params: None (Line: 77 [meraki_manager.py])
INFO (15/10/2025 08:23:22 PM): Making GET request to: https://api.meraki.com/api/v1/organizations with params: None (Line: 77 [meraki_manager.py])
INFO (15/10/2025 08:25:21 PM): Making GET request to: https://api.meraki.com/api/v1/organizations with params: None (Line: 77 [meraki_manager.py])
INFO (15/10/2025 08:25:38 PM): Making GET request to: https://api.meraki.com/api/v1/organizations with params: None (Line: 77 [meraki_manager.py])
INFO (15/10/2025 08:25:53 PM): Making GET request to: https://api.meraki.com/api/v1/organizations with params: None (Line: 77 [meraki_manager.py])
INFO (15/10/2025 08:26:29 PM): Making GET request to: https://api.meraki.com/api/v1/organizations with params: None (Line: 77 [meraki_manager.py])
INFO (15/10/2025 08:27:46 PM): Making GET request to: https://api.meraki.com/api/v1/organizations with params: None (Line: 77 [meraki_manager.py])
INFO (15/10/2025 08:37:24 PM): Making GET request to: https://api.meraki.com/api/v1/organizations with params: None (Line: 77 [meraki_manager.py])
INFO (15/10/2025 08:40:13 PM): Making GET request to: https://api.meraki.com/api/v1/organizations with params: None (Line: 77 [meraki_manager.py])
INFO (15/10/2025 08:40:44 PM): Making GET request to: https://api.meraki.com/api/v1/organizations with params: None (Line: 77 [meraki_manager.py])
INFO (16/10/2025 09:14:35 AM): Making GET request to: https://api.meraki.com/api/v1/organizations with params: None (Line: 77 [meraki_manager.py])
INFO (16/10/2025 09:15:21 AM): Making GET request to: https://api.meraki.com/api/v1/organizations with params: None (Line: 77 [meraki_manager.py])
INFO (16/10/2025 09:15:34 AM): Making GET request to: https://api.meraki.com/api/v1/organizations with params: None (Line: 77 [meraki_manager.py])
INFO (16/10/2025 09:15:48 AM): Making GET request to: https://api.meraki.com/api/v1/organizations with params: None (Line: 77 [meraki_manager.py])
INFO (16/10/2025 09:32:09 AM): Making GET request to: https://api.meraki.com/api/v1/organizations with params: None (Line: 77 [meraki_manager.py])
INFO (17/10/2025 09:14:53 AM): Making GET request to: https://api.meraki.com/api/v1/organizations with params: None (Line: 77 [meraki_manager.py])
INFO (17/10/2025 09:31:40 AM): Making GET request to: https://api.meraki.com/api/v1/organizations with params: None (Line: 77 [meraki_manager.py])
INFO (17/10/2025 09:32:37 AM): Making GET request to: https://api.meraki.com/api/v1/organizations/618681998810022427/networks with params: None (Line: 77 [meraki_manager.py])
INFO (17/10/2025 09:33:23 AM): Making GET request to: https://api.meraki.com/api/v1/organizations/618681998810022427/networks with params: None (Line: 77 [meraki_manager.py])
INFO (17/10/2025 09:46:46 AM): Making GET request to: https://api.meraki.com/api/v1/organizations/2/networks with params: None (Line: 77 [meraki_manager.py])
INFO (17/10/2025 09:47:20 AM): Making GET request to: https://api.meraki.com/api/v1/organizations/1590369/networks with params: None (Line: 77 [meraki_manager.py])
INFO (17/10/2025 10:18:33 AM): Making GET request to: https://api.meraki.com/api/v1/organizations/1590369/networks with params: None (Line: 77 [meraki_manager.py])
INFO (17/10/2025 10:20:21 AM): Making GET request to: https://api.meraki.com/api/v1/organizations with params: None (Line: 77 [meraki_manager.py])
INFO (17/10/2025 10:21:28 AM): Making GET request to: https://api.meraki.com/api/v1/organizations/618681998810022427/networks with params: None (Line: 77 [meraki_manager.py])
INFO (20/10/2025 09:39:45 AM): Making GET request to: https://api.meraki.com/api/v1/organizations with params: None (Line: 78 [meraki_manager.py])
INFO (20/10/2025 09:40:35 AM): Making GET request to: https://api.meraki.com/api/v1/organizations/1590369/networks with params: None (Line: 78 [meraki_manager.py])
INFO (20/10/2025 09:49:47 AM): Making GET request to: https://api.meraki.com/api/v1/organizations/618681998810022427/networks with params: None (Line: 78 [meraki_manager.py])
INFO (20/10/2025 10:36:59 AM): Making GET request to: https://api.meraki.com/api/v1/organizations with params: None (Line: 78 [meraki_manager.py])
INFO (20/10/2025 10:37:51 AM): Making GET request to: https://api.meraki.com/api/v1/organizations/618681998810022427/networks with params: None (Line: 78 [meraki_manager.py])
INFO (21/10/2025 03:01:27 PM): Making POST request to: https://api.meraki.com/api/v1/organizations with payload: {'name': 'meraki_organization', 'management': {'details': [{'name': None, 'value': None}]}} (Line: 101 [meraki_manager.py])
INFO (21/10/2025 03:10:18 PM): Making POST request to: https://api.meraki.com/api/v1/organizations with payload: {
  "name": "meraki_organization",
  "management": {
    "details": [
      {
        "name": null,
        "value": null
      }
    ]
  }
} (Line: 101 [meraki_manager.py])
INFO (21/10/2025 03:17:17 PM): Making POST request to: https://api.meraki.com/api/v1/organizations with payload: {'name': 'meraki_organization', 'management': {'details': [{'name': None, 'value': None}]}} (Line: 101 [meraki_manager.py])
INFO (21/10/2025 03:17:56 PM): Making POST request to: https://api.meraki.com/api/v1/organizations with payload: "{\n  \"name\": \"meraki_organization\",\n  \"management\": {\n    \"details\": [\n      {\n        \"name\": null,\n        \"value\": null\n      }\n    ]\n  }\n}" (Line: 101 [meraki_manager.py])
INFO (21/10/2025 03:23:38 PM): Making POST request to: https://api.meraki.com/api/v1/organizations with payload: "{\n  \"name\": \"meraki_organization\",\n  \"management\": {\n    \"details\": [\n      {\n        \"name\": null,\n        \"value\": null\n      }\n    ]\n  }\n}" (Line: 101 [meraki_manager.py])
INFO (21/10/2025 03:24:19 PM): Making POST request to: https://api.meraki.com/api/v1/organizations with payload: null (Line: 101 [meraki_manager.py])
INFO (21/10/2025 03:29:43 PM): Making POST request to: https://api.meraki.com/api/v1/organizations with payload: {"name": "meraki_organization", "management": {"details": []}} (Line: 101 [meraki_manager.py])
INFO (21/10/2025 03:32:07 PM): Making POST request to: https://api.meraki.com/api/v1/organizations with payload: "{\n  \"name\": \"meraki_organization\",\n  \"management\": {\n    \"details\": []\n  }\n}" (Line: 101 [meraki_manager.py])
INFO (21/10/2025 03:33:37 PM): Making POST request to: https://api.meraki.com/api/v1/organizations with payload: "{\n  \"name\": \"meraki_organization\"\n}" (Line: 101 [meraki_manager.py])
INFO (21/10/2025 03:41:00 PM): Making POST request to: https://api.meraki.com/api/v1/organizations with payload: null (Line: 101 [meraki_manager.py])
INFO (21/10/2025 03:42:33 PM): Making POST request to: https://api.meraki.com/api/v1/organizations with payload: "{\n  \"name\": \"meraki_organization\"\n}" (Line: 101 [meraki_manager.py])
INFO (21/10/2025 03:45:55 PM): Making POST request to: https://api.meraki.com/api/v1/organizations with payload: 
    {
      "name": "meraki_organization",
      "management": {
        "details": [
          {
            "name": "",
            "value": ""
          }
        ]
      }
    }
     (Line: 101 [meraki_manager.py])
INFO (21/10/2025 03:49:09 PM): Making POST request to: https://api.meraki.com/api/v1/organizations with payload: {'name': 'meraki_organization', 'management': {'details': [{'name': '', 'value': ''}]}} (Line: 101 [meraki_manager.py])
INFO (21/10/2025 03:49:28 PM): Making POST request to: https://api.meraki.com/api/v1/organizations with payload: {'name': 'merakiorganization', 'management': {'details': [{'name': '', 'value': ''}]}} (Line: 101 [meraki_manager.py])
INFO (21/10/2025 03:49:51 PM): Making POST request to: https://api.meraki.com/api/v1/organizations with payload: {'name': 'meraki_organization'} (Line: 101 [meraki_manager.py])
INFO (21/10/2025 03:51:32 PM): Making POST request to: https://api.meraki.com/api/v1/organizations with payload: "{'name': 'meraki_organization'}" (Line: 101 [meraki_manager.py])
INFO (21/10/2025 03:53:10 PM): Making POST request to: https://api.meraki.com/api/v1/organizations with payload: {'name': 'meraki_organization'} (Line: 101 [meraki_manager.py])
INFO (21/10/2025 05:46:40 PM): Making GET request to: https://api.meraki.com/api/v1/organizations with params: None (Line: 78 [meraki_manager.py])
INFO (21/10/2025 05:47:03 PM): Making POST request to: https://api.meraki.com/api/v1/organizations with payload: {'name': 'meraki_organization', 'management': {'details': [{'name': '', 'value': ''}]}} (Line: 101 [meraki_manager.py])
INFO (21/10/2025 06:03:31 PM): Making GET request to: https://api.meraki.com/api/v1/organizations with params: None (Line: 78 [meraki_manager.py])
INFO (21/10/2025 06:03:56 PM): Making DELETE request to: https://api.meraki.com/api/v1/organizations/618681998810022441 with params: None (Line: 150 [meraki_manager.py])
INFO (21/10/2025 06:08:51 PM): Making POST request to: https://api.meraki.com/api/v1/organizations with payload: {'name': 'meraki_organization', 'management': {'details': [{'name': '', 'value': ''}]}} (Line: 101 [meraki_manager.py])
INFO (21/10/2025 06:13:07 PM): Making DELETE request to: https://api.meraki.com/api/v1/organizations/618681998810022441 with params: None (Line: 150 [meraki_manager.py])
INFO (21/10/2025 06:13:38 PM): Making DELETE request to: https://api.meraki.com/api/v1/organizations/618681998810022441 with params: None (Line: 150 [meraki_manager.py])
INFO (21/10/2025 06:14:17 PM): Making POST request to: https://api.meraki.com/api/v1/organizations with payload: {'name': 'meraki_organization', 'management': {'details': [{'name': '', 'value': ''}]}} (Line: 101 [meraki_manager.py])
INFO (21/10/2025 06:24:27 PM): Making GET request to: https://api.meraki.com/api/v1/organizations with params: None (Line: 78 [meraki_manager.py])
INFO (21/10/2025 06:25:01 PM): Making DELETE request to: https://api.meraki.com/api/v1/organizations/618681998810022442 with params: None (Line: 150 [meraki_manager.py])
INFO (21/10/2025 06:25:23 PM): Making DELETE request to: https://api.meraki.com/api/v1/organizations/618681998810022443 with params: None (Line: 150 [meraki_manager.py])
INFO (21/10/2025 06:32:12 PM): Making GET request to: https://api.meraki.com/api/v1/organizations with params: None (Line: 78 [meraki_manager.py])
INFO (21/10/2025 06:57:44 PM): Making GET request to: https://api.meraki.com/api/v1/organizations with params: None (Line: 78 [meraki_manager.py])
INFO (21/10/2025 06:58:26 PM): Making GET request to: https://api.meraki.com/api/v1/organizations/618681998810022427/networks with params: None (Line: 78 [meraki_manager.py])
INFO (21/10/2025 06:59:07 PM): Making POST request to: https://api.meraki.com/api/v1/organizations/618681998810022427/networks with payload: {'name': 'meraki_network', 'productTypes': ['appliance', 'switch', 'wireless'], 'tags': [], 'timeZone': 'America/Los_Angeles', 'copyFromNetworkId': None, 'notes': None} (Line: 101 [meraki_manager.py])
INFO (21/10/2025 06:59:53 PM): Making GET request to: https://api.meraki.com/api/v1/organizations/618681998810022427/networks with params: None (Line: 78 [meraki_manager.py])
INFO (21/10/2025 07:00:23 PM): Making POST request to: https://api.meraki.com/api/v1/organizations/618681998810022427/networks with payload: {'name': 'meraki_network', 'productTypes': ['appliance', 'switch', 'wireless'], 'tags': [], 'timeZone': 'America/Los_Angeles', 'copyFromNetworkId': '', 'notes': ''} (Line: 101 [meraki_manager.py])
INFO (21/10/2025 07:01:38 PM): Making POST request to: https://api.meraki.com/api/v1/organizations/618681998810022427/networks with payload: {'name': 'meraki_network', 'productTypes': ['appliance', 'switch', 'wireless'], 'tags': [], 'timeZone': 'America/Los_Angeles', 'notes': None} (Line: 101 [meraki_manager.py])
INFO (21/10/2025 07:01:53 PM): Making GET request to: https://api.meraki.com/api/v1/organizations/618681998810022427/networks with params: None (Line: 78 [meraki_manager.py])
INFO (21/10/2025 07:02:21 PM): Making DELETE request to: https://api.meraki.com/api/v1/networks/L_618681998810034508 with params: None (Line: 150 [meraki_manager.py])
INFO (21/10/2025 07:02:41 PM): Making GET request to: https://api.meraki.com/api/v1/organizations/618681998810022427/networks with params: None (Line: 78 [meraki_manager.py])
INFO (21/10/2025 07:39:01 PM): Making GET request to: https://api.meraki.com/api/v1/organizations with params: None (Line: 78 [meraki_manager.py])
INFO (21/10/2025 07:39:38 PM): Making POST request to: https://api.meraki.com/api/v1/organizations with payload: {'name': 'meraki_organization', 'management': {'details': [{'name': None, 'value': None}]}} (Line: 101 [meraki_manager.py])
INFO (21/10/2025 07:40:16 PM): Making POST request to: https://api.meraki.com/api/v1/organizations with payload: {'name': 'meraki_organization', 'management': {'details': [{'name': '', 'value': ''}]}} (Line: 101 [meraki_manager.py])
INFO (21/10/2025 07:42:05 PM): Making POST request to: https://api.meraki.com/api/v1/organizations/618681998810022444/networks with payload: {'name': 'meraki_network', 'productTypes': ['appliance', 'switch', 'wireless'], 'tags': [], 'timeZone': 'America/Los_Angeles', 'notes': None} (Line: 101 [meraki_manager.py])
INFO (21/10/2025 07:42:46 PM): Making GET request to: https://api.meraki.com/api/v1/organizations/618681998810022444/networks with params: None (Line: 78 [meraki_manager.py])
INFO (21/10/2025 07:43:18 PM): Making DELETE request to: https://api.meraki.com/api/v1/networks/L_618681998810034509 with params: None (Line: 150 [meraki_manager.py])
INFO (21/10/2025 07:43:29 PM): Making GET request to: https://api.meraki.com/api/v1/organizations/618681998810022444/networks with params: None (Line: 78 [meraki_manager.py])
INFO (21/10/2025 07:43:51 PM): Making GET request to: https://api.meraki.com/api/v1/organizations with params: None (Line: 78 [meraki_manager.py])
INFO (21/10/2025 07:44:18 PM): Making DELETE request to: https://api.meraki.com/api/v1/organizations/618681998810022444 with params: None (Line: 150 [meraki_manager.py])
INFO (21/10/2025 07:44:24 PM): Making GET request to: https://api.meraki.com/api/v1/organizations with params: None (Line: 78 [meraki_manager.py])
INFO (21/10/2025 08:28:03 PM): Making POST request to: https://api.meraki.com/api/v1/organizations/618681998810022427/networks with payload: {'name': 'meraki_network', 'productTypes': ['appliance', 'switch', 'wireless'], 'tags': [], 'timeZone': 'America/Los_Angeles', 'notes': None} (Line: 101 [meraki_manager.py])
INFO (21/10/2025 08:31:31 PM): Making GET request to: https://api.meraki.com/api/v1/organizations/618681998810022427/networks with params: None (Line: 78 [meraki_manager.py])
INFO (21/10/2025 08:32:42 PM): Making DELETE request to: https://api.meraki.com/api/v1/networks/L_618681998810034510 with params: None (Line: 150 [meraki_manager.py])
INFO (21/10/2025 08:33:06 PM): Making GET request to: https://api.meraki.com/api/v1/organizations/618681998810022427/networks with params: None (Line: 78 [meraki_manager.py])
INFO (21/10/2025 08:33:34 PM): Making GET request to: https://api.meraki.com/api/v1/organizations with params: None (Line: 78 [meraki_manager.py])
INFO (21/10/2025 08:33:57 PM): Making POST request to: https://api.meraki.com/api/v1/organizations with payload: {'name': 'meraki_organization', 'management': {'details': [{'name': '', 'value': ''}]}} (Line: 101 [meraki_manager.py])
INFO (21/10/2025 08:34:15 PM): Making GET request to: https://api.meraki.com/api/v1/organizations with params: None (Line: 78 [meraki_manager.py])
INFO (21/10/2025 08:34:45 PM): Making DELETE request to: https://api.meraki.com/api/v1/organizations/618681998810022445 with params: None (Line: 150 [meraki_manager.py])
INFO (21/10/2025 08:48:45 PM): Making GET request to: https://api.meraki.com/api/v1/organizations with params: None (Line: 78 [meraki_manager.py])
INFO (21/10/2025 08:49:20 PM): Making POST request to: https://api.meraki.com/api/v1/organizations with payload: {'name': 'meraki_organization', 'management': {'details': [{'name': '', 'value': ''}]}} (Line: 101 [meraki_manager.py])
INFO (21/10/2025 08:50:45 PM): Making GET request to: https://api.meraki.com/api/v1/organizations with params: None (Line: 78 [meraki_manager.py])
INFO (21/10/2025 08:54:37 PM): Making GET request to: https://api.meraki.com/api/v1/organizations/618681998810022446/networks with params: None (Line: 78 [meraki_manager.py])
INFO (21/10/2025 08:55:39 PM): Making POST request to: https://api.meraki.com/api/v1/organizations/618681998810022446/networks with payload: {'name': 'meraki_network', 'productTypes': ['appliance', 'switch', 'wireless'], 'tags': [], 'timeZone': 'America/Los_Angeles', 'notes': None} (Line: 101 [meraki_manager.py])
INFO (21/10/2025 08:57:20 PM): Making DELETE request to: https://api.meraki.com/api/v1/organizations/618681998810022446 with params: None (Line: 150 [meraki_manager.py])
INFO (21/10/2025 08:57:56 PM): Making GET request to: https://api.meraki.com/api/v1/organizations/618681998810022446/networks with params: None (Line: 78 [meraki_manager.py])
INFO (21/10/2025 08:58:21 PM): Making DELETE request to: https://api.meraki.com/api/v1/networks/L_618681998810034511 with params: None (Line: 150 [meraki_manager.py])
INFO (21/10/2025 08:58:44 PM): Making DELETE request to: https://api.meraki.com/api/v1/organizations/618681998810022446 with params: None (Line: 150 [meraki_manager.py])
INFO (26/10/2025 11:33:03 AM): Making GET request to: https://api.meraki.com/api/v1/organizations with params: None (Line: 78 [meraki_manager.py])
INFO (26/10/2025 11:33:29 AM): Making GET request to: https://api.meraki.com/api/v1/organizations/618681998810022449/networks with params: None (Line: 78 [meraki_manager.py])
INFO (26/10/2025 11:34:05 AM): Making DELETE request to: https://api.meraki.com/api/v1/networks/L_618681998810035758 with params: None (Line: 150 [meraki_manager.py])
INFO (26/10/2025 11:34:37 AM): Making DELETE request to: https://api.meraki.com/api/v1/organizations/618681998810022449 with params: None (Line: 150 [meraki_manager.py])
